<?xml version="1.0" encoding="UTF-8"?>
<testng-results skipped="0" failed="0" total="1" passed="1">
  <reporter-output>
  </reporter-output>
  <suite name="Suite" duration-ms="68240" started-at="2019-08-21T01:27:09Z" finished-at="2019-08-21T01:28:17Z">
    <groups>
    </groups>
    <test name="Test" duration-ms="68240" started-at="2019-08-21T01:27:09Z" finished-at="2019-08-21T01:28:17Z">
      <class name="org.isb.training.selenium.LoadTest2">
        <test-method status="PASS" signature="beforeClass()[pri:0, instance:org.isb.training.selenium.LoadTest2@531be3c5]" name="beforeClass" is-config="true" duration-ms="3463" started-at="2019-08-20T21:27:09Z" finished-at="2019-08-20T21:27:13Z">
          <reporter-output>
          </reporter-output>
        </test-method> <!-- beforeClass -->
        <test-method status="PASS" signature="verifySearchButton()[pri:0, instance:org.isb.training.selenium.LoadTest2@531be3c5]" name="verifySearchButton" duration-ms="63897" started-at="2019-08-20T21:27:13Z" finished-at="2019-08-20T21:28:16Z">
          <reporter-output>
          </reporter-output>
        </test-method> <!-- verifySearchButton -->
        <test-method status="PASS" signature="afterClass()[pri:0, instance:org.isb.training.selenium.LoadTest2@531be3c5]" name="afterClass" is-config="true" duration-ms="869" started-at="2019-08-20T21:28:16Z" finished-at="2019-08-20T21:28:17Z">
          <reporter-output>
          </reporter-output>
        </test-method> <!-- afterClass -->
      </class> <!-- org.isb.training.selenium.LoadTest2 -->
    </test> <!-- Test -->
  </suite> <!-- Suite -->
</testng-results>
